<?xml version="1.0" encoding="UTF-8"?>
<testsuite xmlns:xsi="http://www.w3.org/2001/XMLSchema-instance" xsi:noNamespaceSchemaLocation="https://maven.apache.org/surefire/maven-surefire-plugin/xsd/surefire-test-report-3.0.xsd" version="3.0" name="api.DepositUserTest" time="22.003" tests="6" errors="0" skipped="0" failures="0">
  <properties>
[...]
</properties>
  <testcase name="userCannotTransferMoneyWithInvalidData(Float, String, String, String, CreateUserRequestModel)[4]" classname="ui.TransferMoneyUserTest" time="14.576">
    <system-out><![CDATA[Request method:	POST
Request URI:	http://localhost:4111/api/v1/auth/login
Proxy:			<none>
Request params:	<none>
Query params:	<none>
Form params:	<none>
Path params:	<none>
Headers:		Accept=application/json, application/javascript, text/javascript, text/json
				Content-Type=application/json
Cookies:		<none>
Multiparts:		<none>
Body:
{
    "username": "AIFtw1",
    "password": "SLNeuey190$$"
}
Request method:	POST
Request URI:	http://localhost:4111/api/v1/auth/login
Proxy:			<none>
Request params:	<none>
Query params:	<none>
Form params:	<none>
Path params:	<none>
Headers:		Accept=application/json, application/javascript, text/javascript, text/json
				Content-Type=application/json
Cookies:		<none>
Multiparts:		<none>
Body:
{
    "username": "uRwm1nGoR",
    "password": "FSOovbt406%%"
}
HTTP/1.1 200 
Vary: Origin
Vary: Access-Control-Request-Method
Vary: Access-Control-Request-Headers
Authorization: Basic QUlGdHcxOlNMTmV1ZXkxOTAkJA==
X-Content-Type-Options: nosniff
X-XSS-Protection: 0
Cache-Control: no-cache, no-store, max-age=0, must-revalidate
Pragma: no-cache
Expires: 0
X-Frame-Options: DENY
Content-Type: application/json
Transfer-Encoding: chunked
Date: Thu, 07 Aug 2025 17:53:52 GMT
Keep-Alive: timeout=60
Connection: keep-alive

{
    "role": "USER",
    "username": "AIFtw1"
}
Request method:	POST
Request URI:	http://localhost:4111/api/v1/auth/login
Proxy:			<none>
Request params:	<none>
Query params:	<none>
Form params:	<none>
Path params:	<none>
Headers:		Accept=application/json, application/javascript, text/javascript, text/json
				Content-Type=application/json
Cookies:		<none>
Multiparts:		<none>
Body:
{
    "username": "xGj9z",
    "password": "VUAaaug119%$"
}
HTTP/1.1 200 
Vary: Origin
Vary: Access-Control-Request-Method
Vary: Access-Control-Request-Headers
Authorization: Basic dVJ3bTFuR29SOkZTT292YnQ0MDYlJQ==
X-Content-Type-Options: nosniff
X-XSS-Protection: 0
Cache-Control: no-cache, no-store, max-age=0, must-revalidate
Pragma: no-cache
Expires: 0
X-Frame-Options: DENY
Content-Type: application/json
Transfer-Encoding: chunked
Date: Thu, 07 Aug 2025 17:53:52 GMT
Keep-Alive: timeout=60
Connection: keep-alive

{
    "role": "USER",
    "username": "uRwm1nGoR"
}
Request method:	POST
Request URI:	http://localhost:4111/api/v1/auth/login
Proxy:			<none>
Request params:	<none>
Query params:	<none>
Form params:	<none>
Path params:	<none>
Headers:		Accept=application/json, application/javascript, text/javascript, text/json
				Content-Type=application/json
Cookies:		<none>
Multiparts:		<none>
Body:
{
    "username": "Vd6JdD6uDqTwj",
    "password": "PCBllwx153$%"
}
Request method:	POST
Request URI:	http://localhost:4111/api/v1/accounts
Proxy:			<none>
Request params:	<none>
Query params:	<none>
Form params:	<none>
Path params:	<none>
Headers:		Accept=application/json, application/javascript, text/javascript, text/json
				Authorization=Basic dVJ3bTFuR29SOkZTT292YnQ0MDYlJQ==
				Content-Type=application/json
Cookies:		<none>
Multiparts:		<none>
Body:
Request method:	POST
Request URI:	http://localhost:4111/api/v1/auth/login
Proxy:			<none>
Request params:	<none>
Query params:	<none>
Form params:	<none>
Path params:	<none>
Headers:		Accept=application/json, application/javascript, text/javascript, text/json
				Content-Type=application/json
Cookies:		<none>
Multiparts:		<none>
Body:
{
    "username": "eFdoo7SZ4JG4R",
    "password": "YLKfpfq595&&"
}
Request method:	POST
Request URI:	http://localhost:4111/api/v1/auth/login
Proxy:			<none>
Request params:	<none>
Query params:	<none>
Form params:	<none>
Path params:	<none>
Headers:		Accept=application/json, application/javascript, text/javascript, text/json
				Content-Type=application/json
Cookies:		<none>
Multiparts:		<none>
Body:
{
    "username": "1Y1f04d9K",
    "password": "MCPoccf521%$"
}
Request method:	POST
Request URI:	http://localhost:4111/api/v1/accounts
Proxy:			<none>
Request params:	<none>
Query params:	<none>
Form params:	<none>
Path params:	<none>
Headers:		Accept=application/json, application/javascript, text/javascript, text/json
				Authorization=Basic QUlGdHcxOlNMTmV1ZXkxOTAkJA==
				Content-Type=application/json
Cookies:		<none>
Multiparts:		<none>
Body:
Request method:	POST
Request URI:	http://localhost:4111/api/v1/auth/login
Proxy:			<none>
Request params:	<none>
Query params:	<none>
Form params:	<none>
Path params:	<none>
Headers:		Accept=application/json, application/javascript, text/javascript, text/json
				Content-Type=application/json
Cookies:		<none>
Multiparts:		<none>
Body:
{
    "username": "GhOCcI5ej9kfeid",
    "password": "RNWvntj243%%"
}
Request method:	GET
Request URI:	http://localhost:4111/api/v1/accounts/144/transactions
Proxy:			<none>
Request params:	<none>
Query params:	<none>
Form params:	<none>
Path params:	<none>
Headers:		Accept=application/json, application/javascript, text/javascript, text/json
				Authorization=Basic cDN6MUYzcVp4OklEWXVsdGgwOTUmJA==
				Content-Type=application/json
Cookies:		<none>
Multiparts:		<none>
Body:			<none>
HTTP/1.1 200 
Vary: Origin
Vary: Access-Control-Request-Method
Vary: Access-Control-Request-Headers
Authorization: Basic eEdqOXo6VlVBYWF1ZzExOSUk
X-Content-Type-Options: nosniff
X-XSS-Protection: 0
Cache-Control: no-cache, no-store, max-age=0, must-revalidate
Pragma: no-cache
Expires: 0
X-Frame-Options: DENY
Content-Type: application/json
Transfer-Encoding: chunked
Date: Thu, 07 Aug 2025 17:53:52 GMT
Keep-Alive: timeout=60
Connection: keep-alive

{
    "role": "USER",
    "username": "xGj9z"
}
HTTP/1.1 201 
Vary: Origin
Vary: Access-Control-Request-Method
Vary: Access-Control-Request-Headers
X-Content-Type-Options: nosniff
X-XSS-Protection: 0
Cache-Control: no-cache, no-store, max-age=0, must-revalidate
Pragma: no-cache
Expires: 0
X-Frame-Options: DENY
Content-Type: application/json
Transfer-Encoding: chunked
Date: Thu, 07 Aug 2025 17:53:52 GMT
Keep-Alive: timeout=60
Connection: keep-alive

{
    "id": 148,
    "accountNumber": "ACC148",
    "balance": 0.0,
    "transactions": [
        
    ]
}
HTTP/1.1 200 
Vary: Origin
Vary: Access-Control-Request-Method
Vary: Access-Control-Request-Headers
Authorization: Basic VmQ2SmRENnVEcVR3ajpQQ0JsbHd4MTUzJCU=
X-Content-Type-Options: nosniff
X-XSS-Protection: 0
Cache-Control: no-cache, no-store, max-age=0, must-revalidate
Pragma: no-cache
Expires: 0
X-Frame-Options: DENY
Content-Type: application/json
Transfer-Encoding: chunked
Date: Thu, 07 Aug 2025 17:53:52 GMT
Keep-Alive: timeout=60
Connection: keep-alive

{
    "role": "USER",
    "username": "Vd6JdD6uDqTwj"
}
Request method:	POST
Request URI:	http://localhost:4111/api/v1/auth/login
Proxy:			<none>
Request params:	<none>
Query params:	<none>
Form params:	<none>
Path params:	<none>
Headers:		Accept=application/json, application/javascript, text/javascript, text/json
				Content-Type=application/json
Cookies:		<none>
Multiparts:		<none>
Body:
{
    "username": "Qb3jU0DM5Mj",
    "password": "NWMyhdr520%%"
}
HTTP/1.1 200 
Vary: Origin
Vary: Access-Control-Request-Method
Vary: Access-Control-Request-Headers
Authorization: Basic ZUZkb283U1o0Skc0UjpZTEtmcGZxNTk1JiY=
X-Content-Type-Options: nosniff
X-XSS-Protection: 0
Cache-Control: no-cache, no-store, max-age=0, must-revalidate
Pragma: no-cache
Expires: 0
X-Frame-Options: DENY
Content-Type: application/json
Transfer-Encoding: chunked
Date: Thu, 07 Aug 2025 17:53:52 GMT
Keep-Alive: timeout=60
Connection: keep-alive

{
    "role": "USER",
    "username": "eFdoo7SZ4JG4R"
}
HTTP/1.1 200 
Vary: Origin
Vary: Access-Control-Request-Method
Vary: Access-Control-Request-Headers
Authorization: Basic MVkxZjA0ZDlLOk1DUG9jY2Y1MjElJA==
X-Content-Type-Options: nosniff
X-XSS-Protection: 0
Cache-Control: no-cache, no-store, max-age=0, must-revalidate
Pragma: no-cache
Expires: 0
X-Frame-Options: DENY
Content-Type: application/json
Transfer-Encoding: chunked
Date: Thu, 07 Aug 2025 17:53:52 GMT
Keep-Alive: timeout=60
Connection: keep-alive

{
    "role": "USER",
    "username": "1Y1f04d9K"
}
HTTP/1.1 200 
Vary: Origin
Vary: Access-Control-Request-Method
Vary: Access-Control-Request-Headers
Authorization: Basic R2hPQ2NJNWVqOWtmZWlkOlJOV3ZudGoyNDMlJQ==
X-Content-Type-Options: nosniff
X-XSS-Protection: 0
Cache-Control: no-cache, no-store, max-age=0, must-revalidate
Pragma: no-cache
Expires: 0
X-Frame-Options: DENY
Content-Type: application/json
Transfer-Encoding: chunked
Date: Thu, 07 Aug 2025 17:53:52 GMT
Keep-Alive: timeout=60
Connection: keep-alive

{
    "role": "USER",
    "username": "GhOCcI5ej9kfeid"
}
HTTP/1.1 201 
Vary: Origin
Vary: Access-Control-Request-Method
Vary: Access-Control-Request-Headers
X-Content-Type-Options: nosniff
X-XSS-Protection: 0
Cache-Control: no-cache, no-store, max-age=0, must-revalidate
Pragma: no-cache
Expires: 0
X-Frame-Options: DENY
Content-Type: application/json
Transfer-Encoding: chunked
Date: Thu, 07 Aug 2025 17:53:52 GMT
Keep-Alive: timeout=60
Connection: keep-alive

{
    "id": 149,
    "accountNumber": "ACC149",
    "balance": 0.0,
    "transactions": [
        
    ]
}
HTTP/1.1 200 
Vary: Origin
Vary: Access-Control-Request-Method
Vary: Access-Control-Request-Headers
X-Content-Type-Options: nosniff
X-XSS-Protection: 0
Cache-Control: no-cache, no-store, max-age=0, must-revalidate
Pragma: no-cache
Expires: 0
X-Frame-Options: DENY
Content-Type: application/json
Transfer-Encoding: chunked
Date: Thu, 07 Aug 2025 17:53:52 GMT
Keep-Alive: timeout=60
Connection: keep-alive

[
    
]
Request method:	POST
Request URI:	http://localhost:4111/api/v1/accounts
Proxy:			<none>
Request params:	<none>
Query params:	<none>
Form params:	<none>
Path params:	<none>
Headers:		Accept=application/json, application/javascript, text/javascript, text/json
				Authorization=Basic eEdqOXo6VlVBYWF1ZzExOSUk
				Content-Type=application/json
Cookies:		<none>
Multiparts:		<none>
Body:
Request method:	POST
Request URI:	http://localhost:4111/api/v1/accounts
Proxy:			<none>
Request params:	<none>
Query params:	<none>
Form params:	<none>
Path params:	<none>
Headers:		Accept=application/json, application/javascript, text/javascript, text/json
				Authorization=Basic VmQ2SmRENnVEcVR3ajpQQ0JsbHd4MTUzJCU=
				Content-Type=application/json
Cookies:		<none>
Multiparts:		<none>
Body:
Request method:	DELETE
Request URI:	http://localhost:4111/api/v1/admin/users/216
Proxy:			<none>
Request params:	<none>
Query params:	<none>
Form params:	<none>
Path params:	<none>
Headers:		Accept=application/json, application/javascript, text/javascript, text/json
				Authorization=Basic YWRtaW46YWRtaW4=
				Content-Type=application/json
Cookies:		<none>
Multiparts:		<none>
Body:			<none>
Request method:	POST
Request URI:	http://localhost:4111/api/v1/accounts
Proxy:			<none>
Request params:	<none>
Query params:	<none>
Form params:	<none>
Path params:	<none>
Headers:		Accept=application/json, application/javascript, text/javascript, text/json
				Authorization=Basic ZUZkb283U1o0Skc0UjpZTEtmcGZxNTk1JiY=
				Content-Type=application/json
Cookies:		<none>
Multiparts:		<none>
Body:
Request method:	POST
Request URI:	http://localhost:4111/api/v1/accounts
Proxy:			<none>
Request params:	<none>
Query params:	<none>
Form params:	<none>
Path params:	<none>
Headers:		Accept=application/json, application/javascript, text/javascript, text/json
				Authorization=Basic MVkxZjA0ZDlLOk1DUG9jY2Y1MjElJA==
				Content-Type=application/json
Cookies:		<none>
Multiparts:		<none>
Body:
Request method:	POST
Request URI:	http://localhost:4111/api/v1/accounts
Proxy:			<none>
Request params:	<none>
Query params:	<none>
Form params:	<none>
Path params:	<none>
Headers:		Accept=application/json, application/javascript, text/javascript, text/json
				Authorization=Basic R2hPQ2NJNWVqOWtmZWlkOlJOV3ZudGoyNDMlJQ==
				Content-Type=application/json
Cookies:		<none>
Multiparts:		<none>
Body:
HTTP/1.1 200 
Vary: Origin
Vary: Access-Control-Request-Method
Vary: Access-Control-Request-Headers
Authorization: Basic UWIzalUwRE01TWo6TldNeWhkcjUyMCUl
X-Content-Type-Options: nosniff
X-XSS-Protection: 0
Cache-Control: no-cache, no-store, max-age=0, must-revalidate
Pragma: no-cache
Expires: 0
X-Frame-Options: DENY
Content-Type: application/json
Transfer-Encoding: chunked
Date: Thu, 07 Aug 2025 17:53:53 GMT
Keep-Alive: timeout=60
Connection: keep-alive

{
    "role": "USER",
    "username": "Qb3jU0DM5Mj"
}
HTTP/1.1 201 
Vary: Origin
Vary: Access-Control-Request-Method
Vary: Access-Control-Request-Headers
X-Content-Type-Options: nosniff
X-XSS-Protection: 0
Cache-Control: no-cache, no-store, max-age=0, must-revalidate
Pragma: no-cache
Expires: 0
X-Frame-Options: DENY
Content-Type: application/json
Transfer-Encoding: chunked
Date: Thu, 07 Aug 2025 17:53:53 GMT
Keep-Alive: timeout=60
Connection: keep-alive

{
    "id": 150,
    "accountNumber": "ACC150",
    "balance": 0.0,
    "transactions": [
        
    ]
}
HTTP/1.1 200 
Vary: Origin
Vary: Access-Control-Request-Method
Vary: Access-Control-Request-Headers
X-Content-Type-Options: nosniff
X-XSS-Protection: 0
Cache-Control: no-cache, no-store, max-age=0, must-revalidate
Pragma: no-cache
Expires: 0
X-Frame-Options: DENY
Content-Type: application/json
Content-Length: 38
Date: Thu, 07 Aug 2025 17:53:53 GMT
Keep-Alive: timeout=60
Connection: keep-alive

User with ID 216 deleted successfully.
]]></system-out>
    <system-err><![CDATA[Aug 07, 2025 8:53:50 PM org.openqa.selenium.devtools.CdpVersionFinder findNearestMatch
WARNING: Unable to find an exact match for CDP version 138, returning the closest version; found: 135; Please update to a Selenium version that supports CDP version 138
Aug 07, 2025 8:53:50 PM org.openqa.selenium.devtools.CdpVersionFinder findNearestMatch
WARNING: Unable to find an exact match for CDP version 138, returning the closest version; found: 135; Please update to a Selenium version that supports CDP version 138
Aug 07, 2025 8:53:51 PM org.openqa.selenium.devtools.CdpVersionFinder findNearestMatch
WARNING: Unable to find an exact match for CDP version 138, returning the closest version; found: 135; Please update to a Selenium version that supports CDP version 138
Aug 07, 2025 8:53:51 PM org.openqa.selenium.devtools.CdpVersionFinder findNearestMatch
WARNING: Unable to find an exact match for CDP version 138, returning the closest version; found: 135; Please update to a Selenium version that supports CDP version 138
Aug 07, 2025 8:53:51 PM org.openqa.selenium.devtools.CdpVersionFinder findNearestMatch
WARNING: Unable to find an exact match for CDP version 138, returning the closest version; found: 135; Please update to a Selenium version that supports CDP version 138
Aug 07, 2025 8:53:52 PM org.openqa.selenium.devtools.CdpVersionFinder findNearestMatch
WARNING: Unable to find an exact match for CDP version 138, returning the closest version; found: 135; Please update to a Selenium version that supports CDP version 138
Aug 07, 2025 8:53:52 PM org.openqa.selenium.devtools.CdpVersionFinder findNearestMatch
WARNING: Unable to find an exact match for CDP version 138, returning the closest version; found: 135; Please update to a Selenium version that supports CDP version 138
Aug 07, 2025 8:53:52 PM org.openqa.selenium.devtools.CdpVersionFinder findNearestMatch
WARNING: Unable to find an exact match for CDP version 138, returning the closest version; found: 135; Please update to a Selenium version that supports CDP version 138
Aug 07, 2025 8:53:52 PM org.openqa.selenium.devtools.CdpVersionFinder findNearestMatch
WARNING: Unable to find an exact match for CDP version 138, returning the closest version; found: 135; Please update to a Selenium version that supports CDP version 138
]]></system-err>
  </testcase>
  <testcase name="userCannotTransferMoneyWithInvalidData(Float, String, String, String, CreateUserRequestModel)[7]" classname="ui.TransferMoneyUserTest" time="12.627">
    <system-out><![CDATA[HTTP/1.1 200 
Vary: Origin
Vary: Access-Control-Request-Method
Vary: Access-Control-Request-Headers
X-Content-Type-Options: nosniff
X-XSS-Protection: 0
Cache-Control: no-cache, no-store, max-age=0, must-revalidate
Pragma: no-cache
Expires: 0
X-Frame-Options: DENY
Content-Type: application/json
Transfer-Encoding: chunked
Date: Thu, 07 Aug 2025 17:53:56 GMT
Keep-Alive: timeout=60
Connection: keep-alive

[
    
]
Request method:	DELETE
Request URI:	http://localhost:4111/api/v1/admin/users/224
Proxy:			<none>
Request params:	<none>
Query params:	<none>
Form params:	<none>
Path params:	<none>
Headers:		Accept=application/json, application/javascript, text/javascript, text/json
				Authorization=Basic YWRtaW46YWRtaW4=
				Content-Type=application/json
Cookies:		<none>
Multiparts:		<none>
Body:			<none>
HTTP/1.1 200 
Vary: Origin
Vary: Access-Control-Request-Method
Vary: Access-Control-Request-Headers
X-Content-Type-Options: nosniff
X-XSS-Protection: 0
Cache-Control: no-cache, no-store, max-age=0, must-revalidate
Pragma: no-cache
Expires: 0
X-Frame-Options: DENY
Content-Type: application/json
Content-Length: 38
Date: Thu, 07 Aug 2025 17:53:56 GMT
Keep-Alive: timeout=60
Connection: keep-alive

User with ID 229 deleted successfully.
]]></system-out>
  </testcase>
  <testcase name="userCanTransferMoneyWithCorrectDataTest(CreateUserRequestModel)" classname="ui.TransferMoneyUserTest" time="18.05">
    <system-out><![CDATA[HTTP/1.1 200 
Vary: Origin
Vary: Access-Control-Request-Method
Vary: Access-Control-Request-Headers
X-Content-Type-Options: nosniff
X-XSS-Protection: 0
Cache-Control: no-cache, no-store, max-age=0, must-revalidate
Pragma: no-cache
Expires: 0
X-Frame-Options: DENY
Content-Type: application/json
Content-Length: 38
Date: Thu, 07 Aug 2025 17:53:56 GMT
Keep-Alive: timeout=60
Connection: keep-alive

User with ID 213 deleted successfully.
]]></system-out>
  </testcase>
  <testcase name="userCanDepositTwiceWithSameAmountAndBalanceIsCorrect(CreateUserRequestModel)" classname="ui.DepositUserTest" time="17.835">
    <system-out><![CDATA[HTTP/1.1 201 
Vary: Origin
Vary: Access-Control-Request-Method
Vary: Access-Control-Request-Headers
X-Content-Type-Options: nosniff
X-XSS-Protection: 0
Cache-Control: no-cache, no-store, max-age=0, must-revalidate
Pragma: no-cache
Expires: 0
X-Frame-Options: DENY
Content-Type: application/json
Transfer-Encoding: chunked
Date: Thu, 07 Aug 2025 17:53:53 GMT
Keep-Alive: timeout=60
Connection: keep-alive

{
    "id": 151,
    "accountNumber": "ACC151",
    "balance": 0.0,
    "transactions": [
        
    ]
}
HTTP/1.1 201 
Vary: Origin
Vary: Access-Control-Request-Method
Vary: Access-Control-Request-Headers
X-Content-Type-Options: nosniff
X-XSS-Protection: 0
Cache-Control: no-cache, no-store, max-age=0, must-revalidate
Pragma: no-cache
Expires: 0
X-Frame-Options: DENY
Content-Type: application/json
Transfer-Encoding: chunked
Date: Thu, 07 Aug 2025 17:53:53 GMT
Keep-Alive: timeout=60
Connection: keep-alive

{
    "id": 152,
    "accountNumber": "ACC152",
    "balance": 0.0,
    "transactions": [
        
    ]
}
Request method:	POST
Request URI:	http://localhost:4111/api/v1/accounts
Proxy:			<none>
Request params:	<none>
Query params:	<none>
Form params:	<none>
Path params:	<none>
Headers:		Accept=application/json, application/javascript, text/javascript, text/json
				Authorization=Basic UWIzalUwRE01TWo6TldNeWhkcjUyMCUl
				Content-Type=application/json
Cookies:		<none>
Multiparts:		<none>
Body:
HTTP/1.1 201 
Vary: Origin
Vary: Access-Control-Request-Method
Vary: Access-Control-Request-Headers
X-Content-Type-Options: nosniff
X-XSS-Protection: 0
Cache-Control: no-cache, no-store, max-age=0, must-revalidate
Pragma: no-cache
Expires: 0
X-Frame-Options: DENY
Content-Type: application/json
Transfer-Encoding: chunked
Date: Thu, 07 Aug 2025 17:53:53 GMT
Keep-Alive: timeout=60
Connection: keep-alive

{
    "id": 153,
    "accountNumber": "ACC153",
    "balance": 0.0,
    "transactions": [
        
    ]
}
HTTP/1.1 201 
Vary: Origin
Vary: Access-Control-Request-Method
Vary: Access-Control-Request-Headers
X-Content-Type-Options: nosniff
X-XSS-Protection: 0
Cache-Control: no-cache, no-store, max-age=0, must-revalidate
Pragma: no-cache
Expires: 0
X-Frame-Options: DENY
Content-Type: application/json
Transfer-Encoding: chunked
Date: Thu, 07 Aug 2025 17:53:53 GMT
Keep-Alive: timeout=60
Connection: keep-alive

{
    "id": 154,
    "accountNumber": "ACC154",
    "balance": 0.0,
    "transactions": [
        
    ]
}
Request method:	POST
Request URI:	http://localhost:4111/api/v1/accounts
Proxy:			<none>
Request params:	<none>
Query params:	<none>
Form params:	<none>
Path params:	<none>
Headers:		Accept=application/json, application/javascript, text/javascript, text/json
				Authorization=Basic R2hPQ2NJNWVqOWtmZWlkOlJOV3ZudGoyNDMlJQ==
				Content-Type=application/json
Cookies:		<none>
Multiparts:		<none>
Body:
HTTP/1.1 201 
Vary: Origin
Vary: Access-Control-Request-Method
Vary: Access-Control-Request-Headers
X-Content-Type-Options: nosniff
X-XSS-Protection: 0
Cache-Control: no-cache, no-store, max-age=0, must-revalidate
Pragma: no-cache
Expires: 0
X-Frame-Options: DENY
Content-Type: application/json
Transfer-Encoding: chunked
Date: Thu, 07 Aug 2025 17:53:53 GMT
Keep-Alive: timeout=60
Connection: keep-alive

{
    "id": 155,
    "accountNumber": "ACC155",
    "balance": 0.0,
    "transactions": [
        
    ]
}
HTTP/1.1 201 
Vary: Origin
Vary: Access-Control-Request-Method
Vary: Access-Control-Request-Headers
X-Content-Type-Options: nosniff
X-XSS-Protection: 0
Cache-Control: no-cache, no-store, max-age=0, must-revalidate
Pragma: no-cache
Expires: 0
X-Frame-Options: DENY
Content-Type: application/json
Transfer-Encoding: chunked
Date: Thu, 07 Aug 2025 17:53:53 GMT
Keep-Alive: timeout=60
Connection: keep-alive

{
    "id": 156,
    "accountNumber": "ACC156",
    "balance": 0.0,
    "transactions": [
        
    ]
}
Request method:	GET
Request URI:	http://localhost:4111/api/v1/customer/accounts
Proxy:			<none>
Request params:	<none>
Query params:	<none>
Form params:	<none>
Path params:	<none>
Headers:		Accept=application/json, application/javascript, text/javascript, text/json
				Authorization=Basic V2ljOXB5Qmg2cjNyOkNDS2d0c3UzNjYlJA==
				Content-Type=application/json
Cookies:		<none>
Multiparts:		<none>
Body:			<none>
HTTP/1.1 200 
Vary: Origin
Vary: Access-Control-Request-Method
Vary: Access-Control-Request-Headers
X-Content-Type-Options: nosniff
X-XSS-Protection: 0
Cache-Control: no-cache, no-store, max-age=0, must-revalidate
Pragma: no-cache
Expires: 0
X-Frame-Options: DENY
Content-Type: application/json
Transfer-Encoding: chunked
Date: Thu, 07 Aug 2025 17:53:55 GMT
Keep-Alive: timeout=60
Connection: keep-alive

[
    {
        "id": 145,
        "accountNumber": "ACC145",
        "balance": 10000.0,
        "transactions": [
            {
                "id": 84,
                "amount": 5000.0,
                "type": "DEPOSIT",
                "timestamp": "Thu Aug 07 17:53:55 UTC 2025",
                "relatedAccountId": 145
            },
            {
                "id": 83,
                "amount": 5000.0,
                "type": "DEPOSIT",
                "timestamp": "Thu Aug 07 17:53:52 UTC 2025",
                "relatedAccountId": 145
            }
        ]
    }
]
Request method:	DELETE
Request URI:	http://localhost:4111/api/v1/admin/users/212
Proxy:			<none>
Request params:	<none>
Query params:	<none>
Form params:	<none>
Path params:	<none>
Headers:		Accept=application/json, application/javascript, text/javascript, text/json
				Authorization=Basic YWRtaW46YWRtaW4=
				Content-Type=application/json
Cookies:		<none>
Multiparts:		<none>
Body:			<none>
Request method:	GET
Request URI:	http://localhost:4111/api/v1/accounts/146/transactions
Proxy:			<none>
Request params:	<none>
Query params:	<none>
Form params:	<none>
Path params:	<none>
Headers:		Accept=application/json, application/javascript, text/javascript, text/json
				Authorization=Basic djZEMHg6T0NNdmJlYzYxNiUk
				Content-Type=application/json
Cookies:		<none>
Multiparts:		<none>
Body:			<none>
Request method:	GET
Request URI:	http://localhost:4111/api/v1/accounts/150/transactions
Proxy:			<none>
Request params:	<none>
Query params:	<none>
Form params:	<none>
Path params:	<none>
Headers:		Accept=application/json, application/javascript, text/javascript, text/json
				Authorization=Basic VmQ2SmRENnVEcVR3ajpQQ0JsbHd4MTUzJCU=
				Content-Type=application/json
Cookies:		<none>
Multiparts:		<none>
Body:			<none>
Request method:	GET
Request URI:	http://localhost:4111/api/v1/accounts/148/transactions
Proxy:			<none>
Request params:	<none>
Query params:	<none>
Form params:	<none>
Path params:	<none>
Headers:		Accept=application/json, application/javascript, text/javascript, text/json
				Authorization=Basic dVJ3bTFuR29SOkZTT292YnQ0MDYlJQ==
				Content-Type=application/json
Cookies:		<none>
Multiparts:		<none>
Body:			<none>
Request method:	GET
Request URI:	http://localhost:4111/api/v1/accounts/152/transactions
Proxy:			<none>
Request params:	<none>
Query params:	<none>
Form params:	<none>
Path params:	<none>
Headers:		Accept=application/json, application/javascript, text/javascript, text/json
				Authorization=Basic ZUZkb283U1o0Skc0UjpZTEtmcGZxNTk1JiY=
				Content-Type=application/json
Cookies:		<none>
Multiparts:		<none>
Body:			<none>
HTTP/1.1 200 
Vary: Origin
Vary: Access-Control-Request-Method
Vary: Access-Control-Request-Headers
X-Content-Type-Options: nosniff
X-XSS-Protection: 0
Cache-Control: no-cache, no-store, max-age=0, must-revalidate
Pragma: no-cache
Expires: 0
X-Frame-Options: DENY
Content-Type: application/json
Content-Length: 38
Date: Thu, 07 Aug 2025 17:53:55 GMT
Keep-Alive: timeout=60
Connection: keep-alive

User with ID 212 deleted successfully.
]]></system-out>
  </testcase>
  <testcase name="userCanNotAddDepositWithInvalidAmount(Float, String, CreateUserRequestModel)[1]" classname="ui.DepositUserTest" time="13.264">
    <system-out><![CDATA[HTTP/1.1 200 
Vary: Origin
Vary: Access-Control-Request-Method
Vary: Access-Control-Request-Headers
X-Content-Type-Options: nosniff
X-XSS-Protection: 0
Cache-Control: no-cache, no-store, max-age=0, must-revalidate
Pragma: no-cache
Expires: 0
X-Frame-Options: DENY
Content-Type: application/json
Transfer-Encoding: chunked
Date: Thu, 07 Aug 2025 17:53:55 GMT
Keep-Alive: timeout=60
Connection: keep-alive

[
    {
        "id": 85,
        "amount": 10000.0,
        "type": "TRANSFER_OUT",
        "timestamp": "Thu Aug 07 17:53:55 UTC 2025",
        "relatedAccountId": 147
    },
    {
        "id": 81,
        "amount": 5000.0,
        "type": "DEPOSIT",
        "timestamp": "Thu Aug 07 17:53:49 UTC 2025",
        "relatedAccountId": 146
    },
    {
        "id": 82,
        "amount": 5000.0,
        "type": "DEPOSIT",
        "timestamp": "Thu Aug 07 17:53:50 UTC 2025",
        "relatedAccountId": 146
    }
]
Request method:	GET
Request URI:	http://localhost:4111/api/v1/accounts/146/transactions
Proxy:			<none>
Request params:	<none>
Query params:	<none>
Form params:	<none>
Path params:	<none>
Headers:		Accept=application/json, application/javascript, text/javascript, text/json
				Authorization=Basic djZEMHg6T0NNdmJlYzYxNiUk
				Content-Type=application/json
Cookies:		<none>
Multiparts:		<none>
Body:			<none>
HTTP/1.1 200 
Vary: Origin
Vary: Access-Control-Request-Method
Vary: Access-Control-Request-Headers
X-Content-Type-Options: nosniff
X-XSS-Protection: 0
Cache-Control: no-cache, no-store, max-age=0, must-revalidate
Pragma: no-cache
Expires: 0
X-Frame-Options: DENY
Content-Type: application/json
Transfer-Encoding: chunked
Date: Thu, 07 Aug 2025 17:53:55 GMT
Keep-Alive: timeout=60
Connection: keep-alive

[
    
]
Request method:	DELETE
Request URI:	http://localhost:4111/api/v1/admin/users/222
Proxy:			<none>
Request params:	<none>
Query params:	<none>
Form params:	<none>
Path params:	<none>
Headers:		Accept=application/json, application/javascript, text/javascript, text/json
				Authorization=Basic YWRtaW46YWRtaW4=
				Content-Type=application/json
Cookies:		<none>
Multiparts:		<none>
Body:			<none>
Request method:	GET
Request URI:	http://localhost:4111/api/v1/accounts/151/transactions
Proxy:			<none>
Request params:	<none>
Query params:	<none>
Form params:	<none>
Path params:	<none>
Headers:		Accept=application/json, application/javascript, text/javascript, text/json
				Authorization=Basic eEdqOXo6VlVBYWF1ZzExOSUk
				Content-Type=application/json
Cookies:		<none>
Multiparts:		<none>
Body:			<none>
HTTP/1.1 200 
Vary: Origin
Vary: Access-Control-Request-Method
Vary: Access-Control-Request-Headers
X-Content-Type-Options: nosniff
X-XSS-Protection: 0
Cache-Control: no-cache, no-store, max-age=0, must-revalidate
Pragma: no-cache
Expires: 0
X-Frame-Options: DENY
Content-Type: application/json
Transfer-Encoding: chunked
Date: Thu, 07 Aug 2025 17:53:55 GMT
Keep-Alive: timeout=60
Connection: keep-alive

[
    
]
Request method:	DELETE
Request URI:	http://localhost:4111/api/v1/admin/users/220
Proxy:			<none>
Request params:	<none>
Query params:	<none>
Form params:	<none>
Path params:	<none>
Headers:		Accept=application/json, application/javascript, text/javascript, text/json
				Authorization=Basic YWRtaW46YWRtaW4=
				Content-Type=application/json
Cookies:		<none>
Multiparts:		<none>
Body:			<none>
Request method:	GET
Request URI:	http://localhost:4111/api/v1/accounts/153/transactions
Proxy:			<none>
Request params:	<none>
Query params:	<none>
Form params:	<none>
Path params:	<none>
Headers:		Accept=application/json, application/javascript, text/javascript, text/json
				Authorization=Basic MVkxZjA0ZDlLOk1DUG9jY2Y1MjElJA==
				Content-Type=application/json
Cookies:		<none>
Multiparts:		<none>
Body:			<none>
HTTP/1.1 200 
Vary: Origin
Vary: Access-Control-Request-Method
Vary: Access-Control-Request-Headers
X-Content-Type-Options: nosniff
X-XSS-Protection: 0
Cache-Control: no-cache, no-store, max-age=0, must-revalidate
Pragma: no-cache
Expires: 0
X-Frame-Options: DENY
Content-Type: application/json
Transfer-Encoding: chunked
Date: Thu, 07 Aug 2025 17:53:55 GMT
Keep-Alive: timeout=60
Connection: keep-alive

[
    
]
HTTP/1.1 200 
Vary: Origin
Vary: Access-Control-Request-Method
Vary: Access-Control-Request-Headers
X-Content-Type-Options: nosniff
X-XSS-Protection: 0
Cache-Control: no-cache, no-store, max-age=0, must-revalidate
Pragma: no-cache
Expires: 0
X-Frame-Options: DENY
Content-Type: application/json
Transfer-Encoding: chunked
Date: Thu, 07 Aug 2025 17:53:55 GMT
Keep-Alive: timeout=60
Connection: keep-alive

[
    {
        "id": 85,
        "amount": 10000.0,
        "type": "TRANSFER_OUT",
        "timestamp": "Thu Aug 07 17:53:55 UTC 2025",
        "relatedAccountId": 147
    },
    {
        "id": 81,
        "amount": 5000.0,
        "type": "DEPOSIT",
        "timestamp": "Thu Aug 07 17:53:49 UTC 2025",
        "relatedAccountId": 146
    },
    {
        "id": 82,
        "amount": 5000.0,
        "type": "DEPOSIT",
        "timestamp": "Thu Aug 07 17:53:50 UTC 2025",
        "relatedAccountId": 146
    }
]
Request method:	DELETE
Request URI:	http://localhost:4111/api/v1/admin/users/229
Proxy:			<none>
Request params:	<none>
Query params:	<none>
Form params:	<none>
Path params:	<none>
Headers:		Accept=application/json, application/javascript, text/javascript, text/json
				Authorization=Basic YWRtaW46YWRtaW4=
				Content-Type=application/json
Cookies:		<none>
Multiparts:		<none>
Body:			<none>
Request method:	DELETE
Request URI:	http://localhost:4111/api/v1/admin/users/213
Proxy:			<none>
Request params:	<none>
Query params:	<none>
Form params:	<none>
Path params:	<none>
Headers:		Accept=application/json, application/javascript, text/javascript, text/json
				Authorization=Basic YWRtaW46YWRtaW4=
				Content-Type=application/json
Cookies:		<none>
Multiparts:		<none>
Body:			<none>
HTTP/1.1 200 
Vary: Origin
Vary: Access-Control-Request-Method
Vary: Access-Control-Request-Headers
X-Content-Type-Options: nosniff
X-XSS-Protection: 0
Cache-Control: no-cache, no-store, max-age=0, must-revalidate
Pragma: no-cache
Expires: 0
X-Frame-Options: DENY
Content-Type: application/json
Content-Length: 38
Date: Thu, 07 Aug 2025 17:53:55 GMT
Keep-Alive: timeout=60
Connection: keep-alive

User with ID 222 deleted successfully.
]]></system-out>
  </testcase>
  <testcase name="userCanNotAddDepositWithInvalidAmount(Float, String, CreateUserRequestModel)[2]" classname="ui.DepositUserTest" time="13.315">
    <system-out><![CDATA[HTTP/1.1 200 
Vary: Origin
Vary: Access-Control-Request-Method
Vary: Access-Control-Request-Headers
X-Content-Type-Options: nosniff
X-XSS-Protection: 0
Cache-Control: no-cache, no-store, max-age=0, must-revalidate
Pragma: no-cache
Expires: 0
X-Frame-Options: DENY
Content-Type: application/json
Transfer-Encoding: chunked
Date: Thu, 07 Aug 2025 17:53:56 GMT
Keep-Alive: timeout=60
Connection: keep-alive

[
    
]
Request method:	DELETE
Request URI:	http://localhost:4111/api/v1/admin/users/230
Proxy:			<none>
Request params:	<none>
Query params:	<none>
Form params:	<none>
Path params:	<none>
Headers:		Accept=application/json, application/javascript, text/javascript, text/json
				Authorization=Basic YWRtaW46YWRtaW4=
				Content-Type=application/json
Cookies:		<none>
Multiparts:		<none>
Body:			<none>
HTTP/1.1 200 
Vary: Origin
Vary: Access-Control-Request-Method
Vary: Access-Control-Request-Headers
X-Content-Type-Options: nosniff
X-XSS-Protection: 0
Cache-Control: no-cache, no-store, max-age=0, must-revalidate
Pragma: no-cache
Expires: 0
X-Frame-Options: DENY
Content-Type: application/json
Content-Length: 38
Date: Thu, 07 Aug 2025 17:53:56 GMT
Keep-Alive: timeout=60
Connection: keep-alive

User with ID 220 deleted successfully.
]]></system-out>
  </testcase>
</testsuite>